C:\Users\lacric\Documents\ProjectsLocal\Sandbox\Sandbox\web\sandbox\dist\out-tsc\src\app\models\links.js
C:\Users\lacric\Documents\ProjectsLocal\Sandbox\Sandbox\web\sandbox\dist\out-tsc\src\app\models\links.js.map
C:\Users\lacric\Documents\ProjectsLocal\Sandbox\Sandbox\web\sandbox\dist\out-tsc\src\app\Services\link.service.js
C:\Users\lacric\Documents\ProjectsLocal\Sandbox\Sandbox\web\sandbox\dist\out-tsc\src\app\Services\link.service.js.map
C:\Users\lacric\Documents\ProjectsLocal\Sandbox\Sandbox\web\sandbox\dist\out-tsc\src\app\app.component.js
C:\Users\lacric\Documents\ProjectsLocal\Sandbox\Sandbox\web\sandbox\dist\out-tsc\src\app\app.component.js.map
C:\Users\lacric\Documents\ProjectsLocal\Sandbox\Sandbox\web\sandbox\dist\out-tsc\src\app\components\dashboard\dashboard.component.js
C:\Users\lacric\Documents\ProjectsLocal\Sandbox\Sandbox\web\sandbox\dist\out-tsc\src\app\components\dashboard\dashboard.component.js.map
C:\Users\lacric\Documents\ProjectsLocal\Sandbox\Sandbox\web\sandbox\dist\out-tsc\src\app\components\links\links.component.js
C:\Users\lacric\Documents\ProjectsLocal\Sandbox\Sandbox\web\sandbox\dist\out-tsc\src\app\components\links\links.component.js.map
C:\Users\lacric\Documents\ProjectsLocal\Sandbox\Sandbox\web\sandbox\dist\out-tsc\src\app\modules\app-routing.module.js
C:\Users\lacric\Documents\ProjectsLocal\Sandbox\Sandbox\web\sandbox\dist\out-tsc\src\app\modules\app-routing.module.js.map
C:\Users\lacric\Documents\ProjectsLocal\Sandbox\Sandbox\web\sandbox\dist\out-tsc\src\app\app.module.js
C:\Users\lacric\Documents\ProjectsLocal\Sandbox\Sandbox\web\sandbox\dist\out-tsc\src\app\app.module.js.map
C:\Users\lacric\Documents\ProjectsLocal\Sandbox\Sandbox\web\sandbox\dist\out-tsc\src\environments\environment.js
C:\Users\lacric\Documents\ProjectsLocal\Sandbox\Sandbox\web\sandbox\dist\out-tsc\src\environments\environment.js.map
C:\Users\lacric\Documents\ProjectsLocal\Sandbox\Sandbox\web\sandbox\dist\out-tsc\src\main.js
C:\Users\lacric\Documents\ProjectsLocal\Sandbox\Sandbox\web\sandbox\dist\out-tsc\src\main.js.map
C:\Users\lacric\Documents\ProjectsLocal\Sandbox\Sandbox\web\sandbox\dist\out-tsc\src\polyfills.js
C:\Users\lacric\Documents\ProjectsLocal\Sandbox\Sandbox\web\sandbox\dist\out-tsc\src\polyfills.js.map
C:\Users\lacric\Documents\ProjectsLocal\Sandbox\Sandbox\web\sandbox\dist\out-tsc\src\test.js
C:\Users\lacric\Documents\ProjectsLocal\Sandbox\Sandbox\web\sandbox\dist\out-tsc\src\test.js.map
C:\Users\lacric\Documents\ProjectsLocal\Sandbox\Sandbox\web\sandbox\dist\out-tsc\e2e\src\app.po.js
C:\Users\lacric\Documents\ProjectsLocal\Sandbox\Sandbox\web\sandbox\dist\out-tsc\e2e\src\app.po.js.map
C:\Users\lacric\Documents\ProjectsLocal\Sandbox\Sandbox\web\sandbox\dist\out-tsc\e2e\src\app.e2e-spec.js
C:\Users\lacric\Documents\ProjectsLocal\Sandbox\Sandbox\web\sandbox\dist\out-tsc\e2e\src\app.e2e-spec.js.map
C:\Users\lacric\Documents\ProjectsLocal\Sandbox\Sandbox\web\sandbox\dist\out-tsc\src\app\app.component.spec.js
C:\Users\lacric\Documents\ProjectsLocal\Sandbox\Sandbox\web\sandbox\dist\out-tsc\src\app\app.component.spec.js.map
C:\Users\lacric\Documents\ProjectsLocal\Sandbox\Sandbox\web\sandbox\dist\out-tsc\src\app\link.service.spec.js
C:\Users\lacric\Documents\ProjectsLocal\Sandbox\Sandbox\web\sandbox\dist\out-tsc\src\app\link.service.spec.js.map
C:\Users\lacric\Documents\ProjectsLocal\Sandbox\Sandbox\web\sandbox\dist\out-tsc\src\environments\environment.prod.js
C:\Users\lacric\Documents\ProjectsLocal\Sandbox\Sandbox\web\sandbox\dist\out-tsc\src\environments\environment.prod.js.map
C:\Users\lacric\Documents\ProjectsLocal\Sandbox\Sandbox\web\sandbox\dist\out-tsc\src\app\components\dashboard\dashboard.component.spec.js
C:\Users\lacric\Documents\ProjectsLocal\Sandbox\Sandbox\web\sandbox\dist\out-tsc\src\app\components\dashboard\dashboard.component.spec.js.map
C:\Users\lacric\Documents\ProjectsLocal\Sandbox\Sandbox\web\sandbox\dist\out-tsc\src\app\components\links\links.component.spec.js
C:\Users\lacric\Documents\ProjectsLocal\Sandbox\Sandbox\web\sandbox\dist\out-tsc\src\app\components\links\links.component.spec.js.map
